[2025-06-15T22:48:13.707Z] info: Server is running on port 3000
[2025-06-15T22:54:54.433Z] info: Server is running on port 3000
[2025-06-15T22:55:31.900Z] info: Server is running on port 3000
[2025-06-15T22:55:45.582Z] info: Server is running on port 3000
[2025-06-15T22:55:53.055Z] error:  Validation failed
[2025-06-15T22:56:09.817Z] info:  Admin registered successfully
[2025-06-15T22:57:43.018Z] info:  Admin registered successfully
[2025-06-15T23:04:40.737Z] info: Server is running on port 3000
[2025-06-15T23:04:48.525Z] error:  Failed to register admin
[2025-06-15T23:05:39.173Z] info:  Admin registered successfully
[2025-06-15T23:06:06.772Z] error:  Failed to register admin
[2025-06-15T23:07:08.521Z] info: Server is running on port 3000
[2025-06-15T23:07:39.553Z] info: Server is running on port 3000
[2025-06-15T23:08:08.768Z] info: Server is running on port 3000
[2025-06-15T23:08:13.168Z] error:  Failed to register admin
[2025-06-15T23:08:49.784Z] info: Server is running on port 3000
[2025-06-15T23:08:56.007Z] info: Server is running on port 3000
[2025-06-15T23:09:07.120Z] error:  Failed to register admin
[2025-06-15T23:09:26.747Z] info:  Admin registered successfully
[2025-06-15T23:24:15.767Z] info: Server is running on port 3000
[2025-06-15T23:24:49.769Z] info: Server is running on port 3000
[2025-06-15T23:26:19.137Z] error:  Failed to login admin
[2025-06-15T23:27:09.294Z] info:  Admin logged in successfully
[2025-06-15T23:51:40.756Z] info: Server is running on port 3000
[2025-06-15T23:51:47.902Z] info:  Admin otp sent successfully
[2025-06-15T23:52:59.597Z] info: Server is running on port 3000
[2025-06-15T23:53:25.059Z] info:  Admin otp sent successfully
[2025-06-15T23:54:23.127Z] info: Server is running on port 3000
[2025-06-15T23:54:28.605Z] info: Server is running on port 3000
[2025-06-15T23:56:05.499Z] info: Server is running on port 3000
[2025-06-15T23:56:14.564Z] info:  Admin otp sent successfully
[2025-06-15T23:57:13.462Z] info:  Admin otp sent successfully
[2025-06-15T23:58:06.221Z] info: Server is running on port 3000
[2025-06-15T23:58:14.553Z] info: Server is running on port 3000
[2025-06-15T23:58:29.377Z] info: Server is running on port 3000
[2025-06-15T23:58:35.393Z] info:  Admin otp sent successfully
[2025-06-15T23:59:17.390Z] info: Server is running on port 3000
[2025-06-15T23:59:22.667Z] info:  Admin otp sent successfully
[2025-06-15T23:59:48.144Z] info: Server is running on port 3000
[2025-06-16T00:00:06.709Z] info: Server is running on port 3000
[2025-06-16T00:09:51.281Z] info: Server is running on port 3000
[2025-06-16T00:11:27.669Z] info: Server is running on port 3000
[2025-06-16T00:12:25.072Z] error:  Failed to  verify otp
[2025-06-16T00:13:21.532Z] info:  Admin otp sent successfully
[2025-06-16T00:13:39.848Z] error:  Failed to  verify otp
[2025-06-16T00:14:07.986Z] info: Server is running on port 3000
[2025-06-16T00:14:13.827Z] error:  Failed to  verify otp
[2025-06-16T00:14:49.868Z] info:  Admin otp sent successfully
[2025-06-16T00:16:11.995Z] info: Server is running on port 3000
[2025-06-16T00:16:19.308Z] info:  Admin otp sent successfully
[2025-06-16T00:16:37.118Z] info:  Admin otp verified  successfully
